Arguments: 
  /usr/local/bin/node /usr/share/yarn/bin/yarn.js express react-backend

PATH: 
  /home/cs-student/miniconda3/bin:/home/cs-student/miniconda3/bin:/usr/local/sbin:/usr/local/bin:/usr/sbin:/usr/bin:/sbin:/bin:/usr/games:/usr/local/games:/usr/local/go/bin:/home/cs-student/work/bin

Yarn version: 
  1.5.1

Node version: 
  9.11.0

Platform: 
  linux ia32

npm manifest: 
  No manifest

yarn manifest: 
  No manifest

Lockfile: 
  No lockfile

Trace: 
  Error: Couldn't find a package.json file in "/home/cs-student/Desktop/hacking/SpokaneCTF/injection"
      at new MessageError (/usr/share/yarn/lib/cli.js:186:110)
      at /usr/share/yarn/lib/cli.js:40048:15
      at Generator.next (<anonymous>)
      at step (/usr/share/yarn/lib/cli.js:98:30)
      at /usr/share/yarn/lib/cli.js:109:13
      at <anonymous>
